<?xml version="1.0" encoding="UTF-8"?>
<!-- Generated by org.testng.reporters.JUnitReportReporter -->
<testsuite hostname="Rahul" failures="0" tests="1" name="com.testcases.TC_LoginTest_01" time="14.788" errors="0" timestamp="2023-11-17T16:38:40 IST" skipped="0">
  <testcase classname="com.testcases.TC_LoginTest_01" name="loginTest" time="14.788"/>
  <system-out/>
</testsuite> <!-- com.testcases.TC_LoginTest_01 -->
